mode: set
github.com/supabase-community/realtime-go/examples/basic/main.go:15.13,27.44 6 0
github.com/supabase-community/realtime-go/examples/basic/main.go:27.44,29.3 1 0
github.com/supabase-community/realtime-go/examples/basic/main.go:30.2,38.96 4 0
github.com/supabase-community/realtime-go/examples/basic/main.go:38.96,39.17 1 0
github.com/supabase-community/realtime-go/examples/basic/main.go:39.17,42.4 2 0
github.com/supabase-community/realtime-go/examples/basic/main.go:44.3,44.49 1 0
github.com/supabase-community/realtime-go/examples/basic/main.go:44.49,46.4 1 0
github.com/supabase-community/realtime-go/examples/basic/main.go:49.2,49.16 1 0
github.com/supabase-community/realtime-go/examples/basic/main.go:49.16,51.3 1 0
github.com/supabase-community/realtime-go/examples/basic/main.go:54.2,58.33 4 0
github.com/supabase-community/realtime-go/examples/broadcast/main.go:16.13,28.44 6 0
github.com/supabase-community/realtime-go/examples/broadcast/main.go:28.44,30.3 1 0
github.com/supabase-community/realtime-go/examples/broadcast/main.go:31.2,41.96 6 0
github.com/supabase-community/realtime-go/examples/broadcast/main.go:41.96,42.17 1 0
github.com/supabase-community/realtime-go/examples/broadcast/main.go:42.17,45.4 2 0
github.com/supabase-community/realtime-go/examples/broadcast/main.go:47.3,47.49 1 0
github.com/supabase-community/realtime-go/examples/broadcast/main.go:47.49,49.4 1 0
github.com/supabase-community/realtime-go/examples/broadcast/main.go:52.2,52.16 1 0
github.com/supabase-community/realtime-go/examples/broadcast/main.go:52.16,54.3 1 0
github.com/supabase-community/realtime-go/examples/broadcast/main.go:57.2,57.62 1 0
github.com/supabase-community/realtime-go/examples/broadcast/main.go:57.62,62.66 2 0
github.com/supabase-community/realtime-go/examples/broadcast/main.go:62.66,65.4 2 0
github.com/supabase-community/realtime-go/examples/broadcast/main.go:66.3,66.91 1 0
github.com/supabase-community/realtime-go/examples/broadcast/main.go:70.2,70.12 1 0
github.com/supabase-community/realtime-go/examples/broadcast/main.go:70.12,71.7 1 0
github.com/supabase-community/realtime-go/examples/broadcast/main.go:71.7,80.74 2 0
github.com/supabase-community/realtime-go/examples/broadcast/main.go:80.74,82.5 1 0
github.com/supabase-community/realtime-go/examples/broadcast/main.go:82.10,84.5 1 0
github.com/supabase-community/realtime-go/examples/broadcast/main.go:86.4,86.31 1 0
github.com/supabase-community/realtime-go/examples/broadcast/main.go:91.2,95.33 4 0
github.com/supabase-community/realtime-go/examples/postgres_cdc/main.go:16.13,28.44 6 0
github.com/supabase-community/realtime-go/examples/postgres_cdc/main.go:28.44,30.3 1 0
github.com/supabase-community/realtime-go/examples/postgres_cdc/main.go:31.2,40.96 4 0
github.com/supabase-community/realtime-go/examples/postgres_cdc/main.go:40.96,41.17 1 0
github.com/supabase-community/realtime-go/examples/postgres_cdc/main.go:41.17,44.4 2 0
github.com/supabase-community/realtime-go/examples/postgres_cdc/main.go:46.3,46.49 1 0
github.com/supabase-community/realtime-go/examples/postgres_cdc/main.go:46.49,48.4 1 0
github.com/supabase-community/realtime-go/examples/postgres_cdc/main.go:51.2,51.16 1 0
github.com/supabase-community/realtime-go/examples/postgres_cdc/main.go:51.16,53.3 1 0
github.com/supabase-community/realtime-go/examples/postgres_cdc/main.go:56.2,56.74 1 0
github.com/supabase-community/realtime-go/examples/postgres_cdc/main.go:56.74,61.66 4 0
github.com/supabase-community/realtime-go/examples/postgres_cdc/main.go:61.66,64.4 2 0
github.com/supabase-community/realtime-go/examples/postgres_cdc/main.go:66.3,66.39 1 0
github.com/supabase-community/realtime-go/examples/postgres_cdc/main.go:70.2,70.79 1 0
github.com/supabase-community/realtime-go/examples/postgres_cdc/main.go:70.79,74.66 3 0
github.com/supabase-community/realtime-go/examples/postgres_cdc/main.go:74.66,77.4 2 0
github.com/supabase-community/realtime-go/examples/postgres_cdc/main.go:79.3,79.67 1 0
github.com/supabase-community/realtime-go/examples/postgres_cdc/main.go:79.67,81.4 1 0
github.com/supabase-community/realtime-go/examples/postgres_cdc/main.go:84.2,84.79 1 0
github.com/supabase-community/realtime-go/examples/postgres_cdc/main.go:84.79,88.66 3 0
github.com/supabase-community/realtime-go/examples/postgres_cdc/main.go:88.66,91.4 2 0
github.com/supabase-community/realtime-go/examples/postgres_cdc/main.go:93.3,93.74 1 0
github.com/supabase-community/realtime-go/examples/postgres_cdc/main.go:93.74,95.4 1 0
github.com/supabase-community/realtime-go/examples/postgres_cdc/main.go:97.3,97.70 1 0
github.com/supabase-community/realtime-go/examples/postgres_cdc/main.go:97.70,99.4 1 0
github.com/supabase-community/realtime-go/examples/postgres_cdc/main.go:102.2,102.79 1 0
github.com/supabase-community/realtime-go/examples/postgres_cdc/main.go:102.79,106.66 3 0
github.com/supabase-community/realtime-go/examples/postgres_cdc/main.go:106.66,109.4 2 0
github.com/supabase-community/realtime-go/examples/postgres_cdc/main.go:111.3,111.74 1 0
github.com/supabase-community/realtime-go/examples/postgres_cdc/main.go:111.74,113.4 1 0
github.com/supabase-community/realtime-go/examples/postgres_cdc/main.go:117.2,121.33 4 0
github.com/supabase-community/realtime-go/examples/presence/main.go:15.13,27.44 6 0
github.com/supabase-community/realtime-go/examples/presence/main.go:27.44,29.3 1 0
github.com/supabase-community/realtime-go/examples/presence/main.go:30.2,40.96 6 0
github.com/supabase-community/realtime-go/examples/presence/main.go:40.96,41.17 1 0
github.com/supabase-community/realtime-go/examples/presence/main.go:41.17,44.4 2 0
github.com/supabase-community/realtime-go/examples/presence/main.go:46.3,46.49 1 0
github.com/supabase-community/realtime-go/examples/presence/main.go:46.49,48.4 1 0
github.com/supabase-community/realtime-go/examples/presence/main.go:51.2,51.16 1 0
github.com/supabase-community/realtime-go/examples/presence/main.go:51.16,53.3 1 0
github.com/supabase-community/realtime-go/examples/presence/main.go:56.2,56.64 1 0
github.com/supabase-community/realtime-go/examples/presence/main.go:56.64,60.41 3 0
github.com/supabase-community/realtime-go/examples/presence/main.go:60.41,62.54 2 0
github.com/supabase-community/realtime-go/examples/presence/main.go:62.54,64.5 1 0
github.com/supabase-community/realtime-go/examples/presence/main.go:67.3,67.45 1 0
github.com/supabase-community/realtime-go/examples/presence/main.go:67.45,69.58 2 0
github.com/supabase-community/realtime-go/examples/presence/main.go:69.58,71.5 1 0
github.com/supabase-community/realtime-go/examples/presence/main.go:76.2,83.52 3 0
github.com/supabase-community/realtime-go/examples/presence/main.go:83.52,85.3 1 0
github.com/supabase-community/realtime-go/examples/presence/main.go:86.2,89.12 2 0
github.com/supabase-community/realtime-go/examples/presence/main.go:89.12,90.7 1 0
github.com/supabase-community/realtime-go/examples/presence/main.go:90.7,94.54 3 0
github.com/supabase-community/realtime-go/examples/presence/main.go:94.54,96.5 1 0
github.com/supabase-community/realtime-go/examples/presence/main.go:96.10,98.5 1 0
github.com/supabase-community/realtime-go/examples/presence/main.go:103.2,108.42 4 0
github.com/supabase-community/realtime-go/examples/presence/main.go:108.42,110.3 1 0
github.com/supabase-community/realtime-go/examples/presence/main.go:112.2,112.33 1 0
github.com/supabase-community/realtime-go/tests/mock_websocket.go:23.74,28.2 4 1
github.com/supabase-community/realtime-go/tests/mock_websocket.go:31.85,36.24 3 1
github.com/supabase-community/realtime-go/tests/mock_websocket.go:36.24,38.3 1 1
github.com/supabase-community/realtime-go/tests/mock_websocket.go:40.2,40.30 1 1
github.com/supabase-community/realtime-go/tests/mock_websocket.go:40.30,42.3 1 0
github.com/supabase-community/realtime-go/tests/mock_websocket.go:44.2,48.49 3 1
github.com/supabase-community/realtime-go/tests/mock_websocket.go:52.101,59.2 4 1
github.com/supabase-community/realtime-go/tests/mock_websocket.go:62.52,64.2 1 1
github.com/supabase-community/realtime-go/tests/mock_websocket.go:67.46,71.2 3 1
github.com/supabase-community/realtime-go/tests/mock_websocket.go:74.47,78.2 3 1
github.com/supabase-community/realtime-go/tests/mock_websocket.go:81.47,85.2 3 1
github.com/supabase-community/realtime-go/tests/mock_websocket.go:88.53,92.2 3 1
github.com/supabase-community/realtime-go/tests/mock_websocket.go:95.41,99.2 3 1
github.com/supabase-community/realtime-go/tests/mock_websocket.go:102.52,106.2 3 1
github.com/supabase-community/realtime-go/tests/mock_websocket.go:109.36,113.2 3 1
github.com/supabase-community/realtime-go/tests/mock_websocket.go:116.46,121.2 4 1
github.com/supabase-community/realtime-go/realtime/channel.go:24.87,34.2 1 1
github.com/supabase-community/realtime-go/realtime/channel.go:36.95,37.19 1 1
github.com/supabase-community/realtime-go/realtime/channel.go:37.19,39.3 1 1
github.com/supabase-community/realtime-go/realtime/channel.go:41.2,58.16 6 1
github.com/supabase-community/realtime-go/realtime/channel.go:58.16,60.3 1 0
github.com/supabase-community/realtime-go/realtime/channel.go:62.2,62.79 1 1
github.com/supabase-community/realtime-go/realtime/channel.go:62.79,66.22 4 0
github.com/supabase-community/realtime-go/realtime/channel.go:66.22,68.4 1 0
github.com/supabase-community/realtime-go/realtime/channel.go:69.3,69.13 1 0
github.com/supabase-community/realtime-go/realtime/channel.go:72.2,77.21 5 1
github.com/supabase-community/realtime-go/realtime/channel.go:77.21,79.3 1 1
github.com/supabase-community/realtime-go/realtime/channel.go:81.2,81.12 1 1
github.com/supabase-community/realtime-go/realtime/channel.go:84.40,100.16 6 1
github.com/supabase-community/realtime-go/realtime/channel.go:100.16,102.3 1 0
github.com/supabase-community/realtime-go/realtime/channel.go:103.2,103.80 1 1
github.com/supabase-community/realtime-go/realtime/channel.go:106.54,110.2 3 1
github.com/supabase-community/realtime-go/realtime/channel.go:112.61,116.2 3 1
github.com/supabase-community/realtime-go/realtime/channel.go:118.84,123.2 4 1
github.com/supabase-community/realtime-go/realtime/channel.go:125.75,141.16 3 1
github.com/supabase-community/realtime-go/realtime/channel.go:141.16,143.3 1 0
github.com/supabase-community/realtime-go/realtime/channel.go:144.2,144.80 1 1
github.com/supabase-community/realtime-go/realtime/channel.go:147.93,152.2 4 1
github.com/supabase-community/realtime-go/realtime/channel.go:154.53,168.16 3 1
github.com/supabase-community/realtime-go/realtime/channel.go:168.16,170.3 1 0
github.com/supabase-community/realtime-go/realtime/channel.go:171.2,171.80 1 1
github.com/supabase-community/realtime-go/realtime/channel.go:174.36,186.16 3 1
github.com/supabase-community/realtime-go/realtime/channel.go:186.16,188.3 1 0
github.com/supabase-community/realtime-go/realtime/channel.go:189.2,189.80 1 1
github.com/supabase-community/realtime-go/realtime/channel.go:192.44,196.2 3 1
github.com/supabase-community/realtime-go/realtime/channel.go:198.35,199.20 1 1
github.com/supabase-community/realtime-go/realtime/channel.go:199.20,201.3 1 1
github.com/supabase-community/realtime-go/realtime/channel.go:203.2,206.31 3 1
github.com/supabase-community/realtime-go/realtime/channel.go:210.37,212.2 1 1
github.com/supabase-community/realtime-go/realtime/errors.go:10.44,12.2 1 1
github.com/supabase-community/realtime-go/realtime/errors.go:20.39,21.18 1 1
github.com/supabase-community/realtime-go/realtime/errors.go:21.18,23.3 1 1
github.com/supabase-community/realtime-go/realtime/errors.go:24.2,24.52 1 1
github.com/supabase-community/realtime-go/realtime/errors.go:33.44,34.18 1 1
github.com/supabase-community/realtime-go/realtime/errors.go:34.18,36.3 1 1
github.com/supabase-community/realtime-go/realtime/errors.go:37.2,37.63 1 1
github.com/supabase-community/realtime-go/realtime/errors.go:45.46,47.2 1 1
github.com/supabase-community/realtime-go/realtime/errors.go:55.44,56.18 1 1
github.com/supabase-community/realtime-go/realtime/errors.go:56.18,58.3 1 1
github.com/supabase-community/realtime-go/realtime/errors.go:59.2,59.73 1 1
github.com/supabase-community/realtime-go/realtime/realtime_client.go:41.74,56.2 4 1
github.com/supabase-community/realtime-go/realtime/realtime_client.go:59.61,61.22 2 1
github.com/supabase-community/realtime-go/realtime/realtime_client.go:61.22,64.3 2 1
github.com/supabase-community/realtime-go/realtime/realtime_client.go:65.2,71.27 3 1
github.com/supabase-community/realtime-go/realtime/realtime_client.go:71.27,73.3 1 1
github.com/supabase-community/realtime-go/realtime/realtime_client.go:74.2,74.23 1 1
github.com/supabase-community/realtime-go/realtime/realtime_client.go:74.23,76.3 1 0
github.com/supabase-community/realtime-go/realtime/realtime_client.go:78.2,79.16 2 1
github.com/supabase-community/realtime-go/realtime/realtime_client.go:79.16,81.3 1 1
github.com/supabase-community/realtime-go/realtime/realtime_client.go:84.2,88.12 4 0
github.com/supabase-community/realtime-go/realtime/realtime_client.go:96.60,98.2 0 1
github.com/supabase-community/realtime-go/realtime/realtime_client.go:101.45,102.19 1 1
github.com/supabase-community/realtime-go/realtime/realtime_client.go:102.19,104.23 2 1
github.com/supabase-community/realtime-go/realtime/realtime_client.go:104.23,106.4 1 0
github.com/supabase-community/realtime-go/realtime/realtime_client.go:107.3,107.79 1 1
github.com/supabase-community/realtime-go/realtime/realtime_client.go:109.2,109.12 1 0
github.com/supabase-community/realtime-go/realtime/realtime_client.go:113.79,117.45 3 1
github.com/supabase-community/realtime-go/realtime/realtime_client.go:117.45,119.3 1 0
github.com/supabase-community/realtime-go/realtime/realtime_client.go:121.2,123.11 3 1
github.com/supabase-community/realtime-go/realtime/realtime_client.go:127.54,130.2 2 1
github.com/supabase-community/realtime-go/realtime/realtime_client.go:133.59,137.36 4 1
github.com/supabase-community/realtime-go/realtime/realtime_client.go:137.36,139.3 1 1
github.com/supabase-community/realtime-go/realtime/realtime_client.go:140.2,140.17 1 1
github.com/supabase-community/realtime-go/realtime/realtime_client.go:144.58,148.33 3 1
github.com/supabase-community/realtime-go/realtime/realtime_client.go:148.33,149.48 1 1
github.com/supabase-community/realtime-go/realtime/realtime_client.go:149.48,152.4 2 1
github.com/supabase-community/realtime-go/realtime/realtime_client.go:154.2,154.40 1 0
github.com/supabase-community/realtime-go/realtime/realtime_client.go:158.52,162.32 3 1
github.com/supabase-community/realtime-go/realtime/realtime_client.go:162.32,163.42 1 1
github.com/supabase-community/realtime-go/realtime/realtime_client.go:163.42,165.4 1 0
github.com/supabase-community/realtime-go/realtime/realtime_client.go:167.2,168.12 2 1
github.com/supabase-community/realtime-go/realtime/realtime_client.go:171.43,172.6 1 0
github.com/supabase-community/realtime-go/realtime/realtime_client.go:172.6,175.17 3 0
github.com/supabase-community/realtime-go/realtime/realtime_client.go:175.17,177.30 2 0
github.com/supabase-community/realtime-go/realtime/realtime_client.go:177.30,179.5 1 0
github.com/supabase-community/realtime-go/realtime/realtime_client.go:180.4,180.10 1 0
github.com/supabase-community/realtime-go/realtime/realtime_client.go:183.3,184.52 2 0
github.com/supabase-community/realtime-go/realtime/realtime_client.go:184.52,186.12 2 0
github.com/supabase-community/realtime-go/realtime/realtime_client.go:190.3,190.19 1 0
github.com/supabase-community/realtime-go/realtime/realtime_client.go:191.20,192.26 1 0
github.com/supabase-community/realtime-go/realtime/realtime_client.go:193.19,194.25 1 0
github.com/supabase-community/realtime-go/realtime/realtime_client.go:195.27,196.32 1 0
github.com/supabase-community/realtime-go/realtime/realtime_client.go:201.43,205.6 3 1
github.com/supabase-community/realtime-go/realtime/realtime_client.go:205.6,206.10 1 1
github.com/supabase-community/realtime-go/realtime/realtime_client.go:207.22,208.44 1 1
github.com/supabase-community/realtime-go/realtime/realtime_client.go:208.44,210.31 2 0
github.com/supabase-community/realtime-go/realtime/realtime_client.go:210.31,212.6 1 0
github.com/supabase-community/realtime-go/realtime/realtime_client.go:214.19,215.10 1 1
github.com/supabase-community/realtime-go/realtime/realtime_client.go:221.48,235.16 3 1
github.com/supabase-community/realtime-go/realtime/realtime_client.go:235.16,237.3 1 0
github.com/supabase-community/realtime-go/realtime/realtime_client.go:238.2,238.72 1 1
github.com/supabase-community/realtime-go/realtime/realtime_client.go:241.38,243.22 2 1
github.com/supabase-community/realtime-go/realtime/realtime_client.go:243.22,246.3 2 1
github.com/supabase-community/realtime-go/realtime/realtime_client.go:247.2,250.15 3 1
github.com/supabase-community/realtime-go/realtime/realtime_client.go:250.15,254.3 3 1
github.com/supabase-community/realtime-go/realtime/realtime_client.go:256.2,257.43 2 1
github.com/supabase-community/realtime-go/realtime/realtime_client.go:257.43,262.17 4 1
github.com/supabase-community/realtime-go/realtime/realtime_client.go:262.17,265.34 2 0
github.com/supabase-community/realtime-go/realtime/realtime_client.go:265.34,267.5 1 0
github.com/supabase-community/realtime-go/realtime/realtime_client.go:268.4,269.10 2 0
github.com/supabase-community/realtime-go/realtime/realtime_client.go:272.3,273.32 2 1
github.com/supabase-community/realtime-go/realtime/realtime_client.go:273.32,276.32 3 1
github.com/supabase-community/realtime-go/realtime/realtime_client.go:276.32,278.5 1 0
github.com/supabase-community/realtime-go/realtime/realtime_client.go:282.2,282.79 1 1
github.com/supabase-community/realtime-go/realtime/realtime_client.go:286.40,291.2 4 1
github.com/supabase-community/realtime-go/realtime/realtime_client.go:293.55,298.13 4 1
github.com/supabase-community/realtime-go/realtime/realtime_client.go:298.13,300.3 1 1
github.com/supabase-community/realtime-go/realtime/realtime_client.go:302.2,306.13 4 1
github.com/supabase-community/realtime-go/realtime/realtime_client.go:306.13,308.3 1 1
github.com/supabase-community/realtime-go/realtime/realtime_client.go:310.2,310.37 1 1
github.com/supabase-community/realtime-go/realtime/realtime_client.go:310.37,311.53 1 1
github.com/supabase-community/realtime-go/realtime/realtime_client.go:311.53,313.4 1 1
github.com/supabase-community/realtime-go/realtime/realtime_client.go:317.54,322.13 4 1
github.com/supabase-community/realtime-go/realtime/realtime_client.go:322.13,324.3 1 1
github.com/supabase-community/realtime-go/realtime/realtime_client.go:326.2,327.68 2 1
github.com/supabase-community/realtime-go/realtime/realtime_client.go:327.68,330.3 2 1
github.com/supabase-community/realtime-go/realtime/realtime_client.go:332.2,336.13 4 1
github.com/supabase-community/realtime-go/realtime/realtime_client.go:336.13,338.3 1 0
github.com/supabase-community/realtime-go/realtime/realtime_client.go:340.2,340.37 1 1
github.com/supabase-community/realtime-go/realtime/realtime_client.go:340.37,341.51 1 1
github.com/supabase-community/realtime-go/realtime/realtime_client.go:341.51,343.4 1 1
github.com/supabase-community/realtime-go/realtime/realtime_client.go:347.61,352.13 4 1
github.com/supabase-community/realtime-go/realtime/realtime_client.go:352.13,354.3 1 1
github.com/supabase-community/realtime-go/realtime/realtime_client.go:356.2,357.66 2 1
github.com/supabase-community/realtime-go/realtime/realtime_client.go:357.66,360.3 2 1
github.com/supabase-community/realtime-go/realtime/realtime_client.go:362.2,366.13 4 1
github.com/supabase-community/realtime-go/realtime/realtime_client.go:366.13,368.3 1 0
github.com/supabase-community/realtime-go/realtime/realtime_client.go:370.2,370.37 1 1
github.com/supabase-community/realtime-go/realtime/realtime_client.go:370.37,371.57 1 1
github.com/supabase-community/realtime-go/realtime/realtime_client.go:371.57,373.4 1 1
github.com/supabase-community/realtime-go/realtime/realtime_client.go:378.45,380.2 1 1
github.com/supabase-community/realtime-go/realtime/realtime_client.go:383.58,386.9 2 1
github.com/supabase-community/realtime-go/realtime/realtime_client.go:386.9,388.3 1 0
github.com/supabase-community/realtime-go/realtime/realtime_client.go:391.2,392.9 2 1
github.com/supabase-community/realtime-go/realtime/realtime_client.go:392.9,394.3 1 0
github.com/supabase-community/realtime-go/realtime/realtime_client.go:397.2,398.9 2 1
github.com/supabase-community/realtime-go/realtime/realtime_client.go:398.9,400.3 1 0
github.com/supabase-community/realtime-go/realtime/realtime_client.go:403.2,404.9 2 1
github.com/supabase-community/realtime-go/realtime/realtime_client.go:404.9,406.3 1 1
github.com/supabase-community/realtime-go/realtime/realtime_client.go:409.2,409.17 1 1
github.com/supabase-community/realtime-go/realtime/realtime_client.go:410.19,412.10 2 1
github.com/supabase-community/realtime-go/realtime/realtime_client.go:412.10,414.4 1 0
github.com/supabase-community/realtime-go/realtime/realtime_client.go:415.3,416.17 2 1
github.com/supabase-community/realtime-go/realtime/realtime_client.go:416.17,418.4 1 0
github.com/supabase-community/realtime-go/realtime/realtime_client.go:421.3,423.13 3 1
github.com/supabase-community/realtime-go/realtime/realtime_client.go:423.13,424.39 1 1
github.com/supabase-community/realtime-go/realtime/realtime_client.go:424.39,425.55 1 1
github.com/supabase-community/realtime-go/realtime/realtime_client.go:425.55,427.6 1 1
github.com/supabase-community/realtime-go/realtime/realtime_client.go:432.3,433.13 2 1
github.com/supabase-community/realtime-go/realtime/realtime_client.go:433.13,440.46 2 1
github.com/supabase-community/realtime-go/realtime/realtime_client.go:440.46,441.47 1 1
github.com/supabase-community/realtime-go/realtime/realtime_client.go:441.47,443.6 1 1
github.com/supabase-community/realtime-go/realtime/realtime_client.go:446.3,446.23 1 1
github.com/supabase-community/realtime-go/realtime/realtime_client.go:448.18,450.10 2 1
github.com/supabase-community/realtime-go/realtime/realtime_client.go:450.10,452.4 1 0
github.com/supabase-community/realtime-go/realtime/realtime_client.go:453.3,456.13 4 1
github.com/supabase-community/realtime-go/realtime/realtime_client.go:456.13,457.39 1 1
github.com/supabase-community/realtime-go/realtime/realtime_client.go:457.39,458.53 1 1
github.com/supabase-community/realtime-go/realtime/realtime_client.go:458.53,460.6 1 1
github.com/supabase-community/realtime-go/realtime/realtime_client.go:463.26,465.10 2 1
github.com/supabase-community/realtime-go/realtime/realtime_client.go:465.10,467.4 1 0
github.com/supabase-community/realtime-go/realtime/realtime_client.go:468.3,469.10 2 1
github.com/supabase-community/realtime-go/realtime/realtime_client.go:469.10,471.4 1 0
github.com/supabase-community/realtime-go/realtime/realtime_client.go:472.3,475.13 4 1
github.com/supabase-community/realtime-go/realtime/realtime_client.go:475.13,476.39 1 1
github.com/supabase-community/realtime-go/realtime/realtime_client.go:476.39,477.59 1 1
github.com/supabase-community/realtime-go/realtime/realtime_client.go:477.59,483.6 1 1
github.com/supabase-community/realtime-go/realtime/types.go:142.26,151.2 1 1
